# JRE version: Java(TM) SE Runtime Environment (17.0.11+7) (build 17.0.11+7-LTS-207)
# Java VM: Java HotSpot(TM) 64-Bit Server VM (17.0.11+7-LTS-207, mixed mode, sharing, tiered, compressed oops, compressed class ptrs, g1 gc, windows-amd64)
GC Precious Log:
 CPUs: 4 total, 4 available
 Memory: 4010M
 Large Page Support: Disabled
 NUMA Support: Disabled
 Compressed Oops: Enabled (32-bit)
 Heap Region Size: 1M
 Heap Min Capacity: 8M
 Heap Initial Capacity: 64M
 Heap Max Capacity: 512M
 Pre-touch: Disabled
 Parallel Workers: 4
 Concurrent Workers: 1
 Concurrent Refinement Workers: 4
 Periodic GC: Disabled
Heap:
 garbage-first heap   total 65536K, used 23542K [0x00000000e0000000, 0x0000000100000000)
  region size 1024K, 5 young (5120K), 1 survivors (1024K)
 Metaspace       used 21624K, committed 22336K, reserved 1114112K
  class space    used 2223K, committed 2560K, reserved 1048576K
GC Heap History (12 events):
Event: 2.301 GC heap before
{Heap before GC invocations=0 (full 0):
 garbage-first heap   total 65536K, used 13312K [0x00000000e0000000, 0x0000000100000000)
  region size 1024K, 13 young (13312K), 0 survivors (0K)
 Metaspace       used 3369K, committed 3584K, reserved 1114112K
  class space    used 405K, committed 512K, reserved 1048576K
}
Event: 2.311 GC heap after
{Heap after GC invocations=1 (full 0):
 garbage-first heap   total 65536K, used 6272K [0x00000000e0000000, 0x0000000100000000)
  region size 1024K, 2 young (2048K), 2 survivors (2048K)
 Metaspace       used 3369K, committed 3584K, reserved 1114112K
  class space    used 405K, committed 512K, reserved 1048576K
}
Event: 3.248 GC heap before
{Heap before GC invocations=1 (full 0):
 garbage-first heap   total 65536K, used 13440K [0x00000000e0000000, 0x0000000100000000)
  region size 1024K, 9 young (9216K), 2 survivors (2048K)
 Metaspace       used 5886K, committed 6144K, reserved 1114112K
  class space    used 762K, committed 896K, reserved 1048576K
}
Event: 3.254 GC heap after
{Heap after GC invocations=2 (full 0):
 garbage-first heap   total 65536K, used 7641K [0x00000000e0000000, 0x0000000100000000)
  region size 1024K, 2 young (2048K), 2 survivors (2048K)
 Metaspace       used 5886K, committed 6144K, reserved 1114112K
  class space    used 762K, committed 896K, reserved 1048576K
}
Event: 4.630 GC heap before
{Heap before GC invocations=2 (full 0):
 garbage-first heap   total 65536K, used 36313K [0x00000000e0000000, 0x0000000100000000)
  region size 1024K, 20 young (20480K), 2 survivors (2048K)
 Metaspace       used 10379K, committed 10688K, reserved 1114112K
  class space    used 1275K, committed 1408K, reserved 1048576K
}
Event: 4.640 GC heap after
{Heap after GC invocations=3 (full 0):
 garbage-first heap   total 65536K, used 20130K [0x00000000e0000000, 0x0000000100000000)
  region size 1024K, 3 young (3072K), 3 survivors (3072K)
 Metaspace       used 10379K, committed 10688K, reserved 1114112K
  class space    used 1275K, committed 1408K, reserved 1048576K
}
Event: 5.691 GC heap before
{Heap before GC invocations=3 (full 0):
 garbage-first heap   total 65536K, used 43682K [0x00000000e0000000, 0x0000000100000000)
  region size 1024K, 24 young (24576K), 3 survivors (3072K)
 Metaspace       used 15302K, committed 15680K, reserved 1114112K
  class space    used 1657K, committed 1856K, reserved 1048576K
}
Event: 5.705 GC heap after
{Heap after GC invocations=4 (full 0):
 garbage-first heap   total 65536K, used 23097K [0x00000000e0000000, 0x0000000100000000)
  region size 1024K, 2 young (2048K), 2 survivors (2048K)
 Metaspace       used 15302K, committed 15680K, reserved 1114112K
  class space    used 1657K, committed 1856K, reserved 1048576K
}
Event: 7.044 GC heap before
{Heap before GC invocations=4 (full 0):
 garbage-first heap   total 65536K, used 44601K [0x00000000e0000000, 0x0000000100000000)
  region size 1024K, 23 young (23552K), 2 survivors (2048K)
 Metaspace       used 19675K, committed 20352K, reserved 1114112K
  class space    used 2096K, committed 2432K, reserved 1048576K
}
Event: 7.055 GC heap after
{Heap after GC invocations=5 (full 0):
 garbage-first heap   total 65536K, used 25234K [0x00000000e0000000, 0x0000000100000000)
  region size 1024K, 3 young (3072K), 3 survivors (3072K)
 Metaspace       used 19675K, committed 20352K, reserved 1114112K
  class space    used 2096K, committed 2432K, reserved 1048576K
}
Event: 7.228 GC heap before
{Heap before GC invocations=5 (full 0):
 garbage-first heap   total 65536K, used 29330K [0x00000000e0000000, 0x0000000100000000)
  region size 1024K, 8 young (8192K), 3 survivors (3072K)
 Metaspace       used 20769K, committed 21504K, reserved 1114112K
  class space    used 2177K, committed 2560K, reserved 1048576K
}
Event: 7.238 GC heap after
{Heap after GC invocations=6 (full 0):
 garbage-first heap   total 65536K, used 25590K [0x00000000e0000000, 0x0000000100000000)
  region size 1024K, 1 young (1024K), 1 survivors (1024K)
 Metaspace       used 20769K, committed 21504K, reserved 1114112K
  class space    used 2177K, committed 2560K, reserved 1048576K
}

